[INFO ] [09:42:27] org.springframework.web.context.ContextLoader - Root WebApplicationContext: initialization started
[INFO ] [09:42:27] org.springframework.web.context.support.XmlWebApplicationContext - Refreshing Root WebApplicationContext: startup date [Wed Nov 15 09:42:27 CST 2017]; root of context hierarchy
[INFO ] [09:42:28] org.springframework.beans.factory.xml.XmlBeanDefinitionReader - Loading XML bean definitions from file [E:\workspace-git\spring-mysql\target\classes\ApplicationContext\Application-mysql.xml]
[INFO ] [09:42:28] org.springframework.beans.factory.xml.XmlBeanDefinitionReader - Loading XML bean definitions from file [E:\workspace-git\spring-mysql\target\classes\ApplicationContext\dispatcher-servlet.xml]
[INFO ] [09:42:28] org.springframework.beans.factory.annotation.AutowiredAnnotationBeanPostProcessor - JSR-330 'javax.inject.Inject' annotation found and supported for autowiring
[INFO ] [09:42:29] org.springframework.web.servlet.mvc.method.annotation.RequestMappingHandlerAdapter - Looking for @ControllerAdvice: Root WebApplicationContext: startup date [Wed Nov 15 09:42:27 CST 2017]; root of context hierarchy
[INFO ] [09:42:29] org.springframework.web.servlet.mvc.method.annotation.RequestMappingHandlerMapping - Mapped "{[/Add/AddNamedParameter]}" onto public com.alibaba.fastjson.JSONObject com.ahao.mysql.ctrl.AddCtrl.saveNamedParameter(javax.servlet.http.HttpServletRequest)
[INFO ] [09:42:29] org.springframework.web.servlet.mvc.method.annotation.RequestMappingHandlerMapping - Mapped "{[/Add/AddNormal]}" onto public com.alibaba.fastjson.JSONObject com.ahao.mysql.ctrl.AddCtrl.saveNormal(javax.servlet.http.HttpServletRequest)
[INFO ] [09:42:29] org.springframework.web.servlet.mvc.method.annotation.RequestMappingHandlerMapping - Mapped "{[/Delete/Delete]}" onto public com.alibaba.fastjson.JSONObject com.ahao.mysql.ctrl.DeleteCtrl.delete(javax.servlet.http.HttpServletRequest)
[INFO ] [09:42:29] org.springframework.web.servlet.mvc.method.annotation.RequestMappingHandlerMapping - Mapped "{[/Query/QueryListNormal]}" onto public com.alibaba.fastjson.JSONObject com.ahao.mysql.ctrl.QueryCtrl.queryListNormal(javax.servlet.http.HttpServletRequest)
[INFO ] [09:42:29] org.springframework.web.servlet.mvc.method.annotation.RequestMappingHandlerMapping - Mapped "{[/Query/Transactional]}" onto public com.alibaba.fastjson.JSONObject com.ahao.mysql.ctrl.QueryCtrl.transactional(javax.servlet.http.HttpServletRequest)
[INFO ] [09:42:29] org.springframework.web.servlet.mvc.method.annotation.RequestMappingHandlerMapping - Mapped "{[/Update/BatchUpdate]}" onto public com.alibaba.fastjson.JSONObject com.ahao.mysql.ctrl.UpdateCtrl.batchUpdate(javax.servlet.http.HttpServletRequest)
[INFO ] [09:42:29] org.springframework.web.servlet.mvc.method.annotation.RequestMappingHandlerMapping - Mapped "{[/Update/UpdateNormal]}" onto public com.alibaba.fastjson.JSONObject com.ahao.mysql.ctrl.UpdateCtrl.updateNormal(javax.servlet.http.HttpServletRequest)
[INFO ] [09:42:29] org.springframework.web.servlet.mvc.method.annotation.RequestMappingHandlerAdapter - Looking for @ControllerAdvice: Root WebApplicationContext: startup date [Wed Nov 15 09:42:27 CST 2017]; root of context hierarchy
[INFO ] [09:42:29] org.springframework.web.context.ContextLoader - Root WebApplicationContext: initialization completed in 1852 ms
[INFO ] [09:42:29] org.springframework.web.servlet.DispatcherServlet - FrameworkServlet 'dispatcher': initialization started
[INFO ] [09:42:29] org.springframework.web.context.support.XmlWebApplicationContext - Refreshing WebApplicationContext for namespace 'dispatcher-servlet': startup date [Wed Nov 15 09:42:29 CST 2017]; parent: Root WebApplicationContext
[INFO ] [09:42:29] org.springframework.beans.factory.xml.XmlBeanDefinitionReader - Loading XML bean definitions from class path resource [ApplicationContext/dispatcher-servlet.xml]
[INFO ] [09:42:29] org.springframework.beans.factory.annotation.AutowiredAnnotationBeanPostProcessor - JSR-330 'javax.inject.Inject' annotation found and supported for autowiring
[INFO ] [09:42:29] org.springframework.web.servlet.mvc.method.annotation.RequestMappingHandlerAdapter - Looking for @ControllerAdvice: WebApplicationContext for namespace 'dispatcher-servlet': startup date [Wed Nov 15 09:42:29 CST 2017]; parent: Root WebApplicationContext
[INFO ] [09:42:30] org.springframework.web.servlet.mvc.method.annotation.RequestMappingHandlerMapping - Mapped "{[/Add/AddNamedParameter]}" onto public com.alibaba.fastjson.JSONObject com.ahao.mysql.ctrl.AddCtrl.saveNamedParameter(javax.servlet.http.HttpServletRequest)
[INFO ] [09:42:30] org.springframework.web.servlet.mvc.method.annotation.RequestMappingHandlerMapping - Mapped "{[/Add/AddNormal]}" onto public com.alibaba.fastjson.JSONObject com.ahao.mysql.ctrl.AddCtrl.saveNormal(javax.servlet.http.HttpServletRequest)
[INFO ] [09:42:30] org.springframework.web.servlet.mvc.method.annotation.RequestMappingHandlerMapping - Mapped "{[/Delete/Delete]}" onto public com.alibaba.fastjson.JSONObject com.ahao.mysql.ctrl.DeleteCtrl.delete(javax.servlet.http.HttpServletRequest)
[INFO ] [09:42:30] org.springframework.web.servlet.mvc.method.annotation.RequestMappingHandlerMapping - Mapped "{[/Query/QueryListNormal]}" onto public com.alibaba.fastjson.JSONObject com.ahao.mysql.ctrl.QueryCtrl.queryListNormal(javax.servlet.http.HttpServletRequest)
[INFO ] [09:42:30] org.springframework.web.servlet.mvc.method.annotation.RequestMappingHandlerMapping - Mapped "{[/Query/Transactional]}" onto public com.alibaba.fastjson.JSONObject com.ahao.mysql.ctrl.QueryCtrl.transactional(javax.servlet.http.HttpServletRequest)
[INFO ] [09:42:30] org.springframework.web.servlet.mvc.method.annotation.RequestMappingHandlerMapping - Mapped "{[/Update/BatchUpdate]}" onto public com.alibaba.fastjson.JSONObject com.ahao.mysql.ctrl.UpdateCtrl.batchUpdate(javax.servlet.http.HttpServletRequest)
[INFO ] [09:42:30] org.springframework.web.servlet.mvc.method.annotation.RequestMappingHandlerMapping - Mapped "{[/Update/UpdateNormal]}" onto public com.alibaba.fastjson.JSONObject com.ahao.mysql.ctrl.UpdateCtrl.updateNormal(javax.servlet.http.HttpServletRequest)
[INFO ] [09:42:30] org.springframework.web.servlet.mvc.method.annotation.RequestMappingHandlerAdapter - Looking for @ControllerAdvice: WebApplicationContext for namespace 'dispatcher-servlet': startup date [Wed Nov 15 09:42:29 CST 2017]; parent: Root WebApplicationContext
[INFO ] [09:42:30] org.springframework.web.servlet.DispatcherServlet - FrameworkServlet 'dispatcher': initialization completed in 402 ms
